<?xml version="1.0" encoding="UTF-8"?>
<testsuite name="com.koreait.day2.repository.UserTbRepositoryTest" tests="1" skipped="0" failures="0" errors="0" timestamp="2021-08-18T06:33:59" hostname="내꺼야" time="1.33">
  <properties/>
  <testcase name="create()" classname="com.koreait.day2.repository.UserTbRepositoryTest" time="1.33"/>
  <system-out><![CDATA[15:33:35.442 [Test worker] DEBUG org.springframework.test.context.BootstrapUtils - Instantiating CacheAwareContextLoaderDelegate from class [org.springframework.test.context.cache.DefaultCacheAwareContextLoaderDelegate]
15:33:35.512 [Test worker] DEBUG org.springframework.test.context.BootstrapUtils - Instantiating BootstrapContext using constructor [public org.springframework.test.context.support.DefaultBootstrapContext(java.lang.Class,org.springframework.test.context.CacheAwareContextLoaderDelegate)]
15:33:35.666 [Test worker] DEBUG org.springframework.test.context.BootstrapUtils - Instantiating TestContextBootstrapper for test class [com.koreait.day2.repository.UserTbRepositoryTest] from class [org.springframework.boot.test.context.SpringBootTestContextBootstrapper]
15:33:35.798 [Test worker] INFO org.springframework.boot.test.context.SpringBootTestContextBootstrapper - Neither @ContextConfiguration nor @ContextHierarchy found for test class [com.koreait.day2.repository.UserTbRepositoryTest], using SpringBootContextLoader
15:33:35.847 [Test worker] DEBUG org.springframework.test.context.support.AbstractContextLoader - Did not detect default resource location for test class [com.koreait.day2.repository.UserTbRepositoryTest]: class path resource [com/koreait/day2/repository/UserTbRepositoryTest-context.xml] does not exist
15:33:35.850 [Test worker] DEBUG org.springframework.test.context.support.AbstractContextLoader - Did not detect default resource location for test class [com.koreait.day2.repository.UserTbRepositoryTest]: class path resource [com/koreait/day2/repository/UserTbRepositoryTestContext.groovy] does not exist
15:33:35.851 [Test worker] INFO org.springframework.test.context.support.AbstractContextLoader - Could not detect default resource locations for test class [com.koreait.day2.repository.UserTbRepositoryTest]: no resource found for suffixes {-context.xml, Context.groovy}.
15:33:35.856 [Test worker] INFO org.springframework.test.context.support.AnnotationConfigContextLoaderUtils - Could not detect default configuration classes for test class [com.koreait.day2.repository.UserTbRepositoryTest]: UserTbRepositoryTest does not declare any static, non-private, non-final, nested classes annotated with @Configuration.
15:33:36.242 [Test worker] DEBUG org.springframework.test.context.support.ActiveProfilesUtils - Could not find an 'annotation declaring class' for annotation type [org.springframework.test.context.ActiveProfiles] and class [com.koreait.day2.repository.UserTbRepositoryTest]
15:33:37.019 [Test worker] DEBUG org.springframework.context.annotation.ClassPathScanningCandidateComponentProvider - Identified candidate component class: file [C:\Spring\Day2\build\classes\java\main\com\koreait\day2\Day2Application.class]
15:33:37.033 [Test worker] INFO org.springframework.boot.test.context.SpringBootTestContextBootstrapper - Found @SpringBootConfiguration com.koreait.day2.Day2Application for test class com.koreait.day2.repository.UserTbRepositoryTest
15:33:37.729 [Test worker] DEBUG org.springframework.boot.test.context.SpringBootTestContextBootstrapper - @TestExecutionListeners is not present for class [com.koreait.day2.repository.UserTbRepositoryTest]: using defaults.
15:33:37.731 [Test worker] INFO org.springframework.boot.test.context.SpringBootTestContextBootstrapper - Loaded default TestExecutionListener class names from location [META-INF/spring.factories]: [org.springframework.boot.test.autoconfigure.restdocs.RestDocsTestExecutionListener, org.springframework.boot.test.autoconfigure.web.client.MockRestServiceServerResetTestExecutionListener, org.springframework.boot.test.autoconfigure.web.servlet.MockMvcPrintOnlyOnFailureTestExecutionListener, org.springframework.boot.test.autoconfigure.web.servlet.WebDriverTestExecutionListener, org.springframework.boot.test.autoconfigure.webservices.client.MockWebServiceServerTestExecutionListener, org.springframework.boot.test.mock.mockito.MockitoTestExecutionListener, org.springframework.boot.test.mock.mockito.ResetMocksTestExecutionListener, org.springframework.test.context.web.ServletTestExecutionListener, org.springframework.test.context.support.DirtiesContextBeforeModesTestExecutionListener, org.springframework.test.context.event.ApplicationEventsTestExecutionListener, org.springframework.test.context.support.DependencyInjectionTestExecutionListener, org.springframework.test.context.support.DirtiesContextTestExecutionListener, org.springframework.test.context.transaction.TransactionalTestExecutionListener, org.springframework.test.context.jdbc.SqlScriptsTestExecutionListener, org.springframework.test.context.event.EventPublishingTestExecutionListener]
15:33:37.803 [Test worker] INFO org.springframework.boot.test.context.SpringBootTestContextBootstrapper - Using TestExecutionListeners: [org.springframework.test.context.web.ServletTestExecutionListener@42e6d5ec, org.springframework.test.context.support.DirtiesContextBeforeModesTestExecutionListener@5c6a9630, org.springframework.test.context.event.ApplicationEventsTestExecutionListener@3dae7a27, org.springframework.boot.test.mock.mockito.MockitoTestExecutionListener@5411627e, org.springframework.boot.test.autoconfigure.SpringBootDependencyInjectionTestExecutionListener@202c84a5, org.springframework.test.context.support.DirtiesContextTestExecutionListener@28ff5d86, org.springframework.test.context.transaction.TransactionalTestExecutionListener@664e75fc, org.springframework.test.context.jdbc.SqlScriptsTestExecutionListener@3913e9d9, org.springframework.test.context.event.EventPublishingTestExecutionListener@7dde4bf2, org.springframework.boot.test.autoconfigure.restdocs.RestDocsTestExecutionListener@2f9f2aa2, org.springframework.boot.test.autoconfigure.web.client.MockRestServiceServerResetTestExecutionListener@3a6b4b38, org.springframework.boot.test.autoconfigure.web.servlet.MockMvcPrintOnlyOnFailureTestExecutionListener@1c90208d, org.springframework.boot.test.autoconfigure.web.servlet.WebDriverTestExecutionListener@131e7936, org.springframework.boot.test.autoconfigure.webservices.client.MockWebServiceServerTestExecutionListener@45828bcd, org.springframework.boot.test.mock.mockito.ResetMocksTestExecutionListener@25503ace]
15:33:37.823 [Test worker] DEBUG org.springframework.test.context.support.AbstractDirtiesContextTestExecutionListener - Before test class: context [DefaultTestContext@402515a4 testClass = UserTbRepositoryTest, testInstance = [null], testMethod = [null], testException = [null], mergedContextConfiguration = [WebMergedContextConfiguration@206cabf6 testClass = UserTbRepositoryTest, locations = '{}', classes = '{class com.koreait.day2.Day2Application}', contextInitializerClasses = '[]', activeProfiles = '{}', propertySourceLocations = '{}', propertySourceProperties = '{org.springframework.boot.test.context.SpringBootTestContextBootstrapper=true}', contextCustomizers = set[org.springframework.boot.test.autoconfigure.actuate.metrics.MetricsExportContextCustomizerFactory$DisableMetricExportContextCustomizer@41ef4ca9, org.springframework.boot.test.autoconfigure.properties.PropertyMappingContextCustomizer@0, org.springframework.boot.test.autoconfigure.web.servlet.WebDriverContextCustomizerFactory$Customizer@709ba3fb, org.springframework.boot.test.context.filter.ExcludeFilterContextCustomizer@3a23ab96, org.springframework.boot.test.json.DuplicateJsonObjectContextCustomizerFactory$DuplicateJsonObjectContextCustomizer@41b8ef18, org.springframework.boot.test.mock.mockito.MockitoContextCustomizer@0, org.springframework.boot.test.web.client.TestRestTemplateContextCustomizer@3f1c2193, org.springframework.boot.test.context.SpringBootTestArgs@1, org.springframework.boot.test.context.SpringBootTestWebEnvironment@62122a7a], resourceBasePath = 'src/main/webapp', contextLoader = 'org.springframework.boot.test.context.SpringBootContextLoader', parent = [null]], attributes = map['org.springframework.test.context.web.ServletTestExecutionListener.activateListener' -> true]], class annotated with @DirtiesContext [false] with mode [null].
15:33:37.958 [Test worker] DEBUG org.springframework.test.context.support.TestPropertySourceUtils - Adding inlined properties to environment: {spring.jmx.enabled=false, org.springframework.boot.test.context.SpringBootTestContextBootstrapper=true}

  .   ____          _            __ _ _
 /\\ / ___'_ __ _ _(_)_ __  __ _ \ \ \ \
( ( )\___ | '_ | '_| | '_ \/ _` | \ \ \ \
 \\/  ___)| |_)| | | | | || (_| |  ) ) ) )
  '  |____| .__|_| |_|_| |_\__, | / / / /
 =========|_|==============|___/=/_/_/_/
 :: Spring Boot ::                (v2.5.3)

2021-08-18 15:33:40.147  INFO 14844 --- [    Test worker] c.k.d.repository.UserTbRepositoryTest    : Starting UserTbRepositoryTest using Java 11.0.11 on 내꺼야 with PID 14844 (started by user in C:\Spring\Day2)
2021-08-18 15:33:40.161  INFO 14844 --- [    Test worker] c.k.d.repository.UserTbRepositoryTest    : No active profile set, falling back to default profiles: default
2021-08-18 15:33:44.382  INFO 14844 --- [    Test worker] .s.d.r.c.RepositoryConfigurationDelegate : Bootstrapping Spring Data JPA repositories in DEFAULT mode.
2021-08-18 15:33:44.635  INFO 14844 --- [    Test worker] .s.d.r.c.RepositoryConfigurationDelegate : Finished Spring Data repository scanning in 202 ms. Found 2 JPA repository interfaces.
2021-08-18 15:33:45.155  WARN 14844 --- [    Test worker] o.m.s.mapper.ClassPathMapperScanner      : No MyBatis mapper was found in '[com.koreait.day2]' package. Please check your configuration.
2021-08-18 15:33:46.766  INFO 14844 --- [    Test worker] com.zaxxer.hikari.HikariDataSource       : HikariPool-1 - Starting...
2021-08-18 15:33:49.378  INFO 14844 --- [    Test worker] com.zaxxer.hikari.HikariDataSource       : HikariPool-1 - Start completed.
2021-08-18 15:33:49.734  INFO 14844 --- [    Test worker] o.hibernate.jpa.internal.util.LogHelper  : HHH000204: Processing PersistenceUnitInfo [name: default]
2021-08-18 15:33:50.161  INFO 14844 --- [    Test worker] org.hibernate.Version                    : HHH000412: Hibernate ORM core version 5.4.32.Final
2021-08-18 15:33:50.962  INFO 14844 --- [    Test worker] o.hibernate.annotations.common.Version   : HCANN000001: Hibernate Commons Annotations {5.1.2.Final}
2021-08-18 15:33:51.864  INFO 14844 --- [    Test worker] org.hibernate.dialect.Dialect            : HHH000400: Using dialect: org.hibernate.dialect.Oracle12cDialect
2021-08-18 15:33:55.377  INFO 14844 --- [    Test worker] o.h.e.t.j.p.i.JtaPlatformInitiator       : HHH000490: Using JtaPlatform implementation: [org.hibernate.engine.transaction.jta.platform.internal.NoJtaPlatform]
2021-08-18 15:33:55.411  INFO 14844 --- [    Test worker] j.LocalContainerEntityManagerFactoryBean : Initialized JPA EntityManagerFactory for persistence unit 'default'
2021-08-18 15:33:56.201  WARN 14844 --- [    Test worker] JpaBaseConfiguration$JpaWebConfiguration : spring.jpa.open-in-view is enabled by default. Therefore, database queries may be performed during view rendering. Explicitly configure spring.jpa.open-in-view to disable this warning
2021-08-18 15:33:59.635  INFO 14844 --- [    Test worker] c.k.d.repository.UserTbRepositoryTest    : Started UserTbRepositoryTest in 21.654 seconds (JVM running for 28.813)
]]></system-out>
  <system-err><![CDATA[]]></system-err>
</testsuite>
